I, [2017-06-03T02:15:04.306961 #11868]  INFO -- Kitchen: -----> Starting Kitchen (v1.16.0)
E, [2017-06-03T02:15:04.308353 #11868] ERROR -- Kitchen: ------Exception-------
E, [2017-06-03T02:15:04.308386 #11868] ERROR -- Kitchen: Class: Kitchen::UserError
E, [2017-06-03T02:15:04.308407 #11868] ERROR -- Kitchen: Message: Error parsing /home/jdominguex/chef-repo/.kitchen.yml as YAML.
Please run `kitchen diagnose --no-instances --loader' to help debug your issue.
E, [2017-06-03T02:15:04.308427 #11868] ERROR -- Kitchen: ----------------------
E, [2017-06-03T02:15:04.308445 #11868] ERROR -- Kitchen: ------Backtrace-------
E, [2017-06-03T02:15:04.308463 #11868] ERROR -- Kitchen: /opt/chefdk/embedded/lib/ruby/gems/2.3.0/gems/test-kitchen-1.16.0/lib/kitchen/loader/yaml.rb:340:in `rescue in parse_yaml_string'
E, [2017-06-03T02:15:04.308482 #11868] ERROR -- Kitchen: /opt/chefdk/embedded/lib/ruby/gems/2.3.0/gems/test-kitchen-1.16.0/lib/kitchen/loader/yaml.rb:329:in `parse_yaml_string'
E, [2017-06-03T02:15:04.308501 #11868] ERROR -- Kitchen: /opt/chefdk/embedded/lib/ruby/gems/2.3.0/gems/test-kitchen-1.16.0/lib/kitchen/loader/yaml.rb:135:in `yaml'
E, [2017-06-03T02:15:04.308519 #11868] ERROR -- Kitchen: /opt/chefdk/embedded/lib/ruby/gems/2.3.0/gems/test-kitchen-1.16.0/lib/kitchen/loader/yaml.rb:123:in `combined_hash'
E, [2017-06-03T02:15:04.308538 #11868] ERROR -- Kitchen: /opt/chefdk/embedded/lib/ruby/gems/2.3.0/gems/test-kitchen-1.16.0/lib/kitchen/loader/yaml.rb:74:in `read'
E, [2017-06-03T02:15:04.308559 #11868] ERROR -- Kitchen: /opt/chefdk/embedded/lib/ruby/gems/2.3.0/gems/test-kitchen-1.16.0/lib/kitchen/config.rb:152:in `data'
E, [2017-06-03T02:15:04.308577 #11868] ERROR -- Kitchen: /opt/chefdk/embedded/lib/ruby/gems/2.3.0/gems/test-kitchen-1.16.0/lib/kitchen/config.rb:131:in `suites'
E, [2017-06-03T02:15:04.308596 #11868] ERROR -- Kitchen: /opt/chefdk/embedded/lib/ruby/gems/2.3.0/gems/test-kitchen-1.16.0/lib/kitchen/config.rb:182:in `filter_instances'
E, [2017-06-03T02:15:04.308614 #11868] ERROR -- Kitchen: /opt/chefdk/embedded/lib/ruby/gems/2.3.0/gems/test-kitchen-1.16.0/lib/kitchen/config.rb:141:in `build_instances'
E, [2017-06-03T02:15:04.308632 #11868] ERROR -- Kitchen: /opt/chefdk/embedded/lib/ruby/gems/2.3.0/gems/test-kitchen-1.16.0/lib/kitchen/config.rb:117:in `instances'
E, [2017-06-03T02:15:04.308651 #11868] ERROR -- Kitchen: /opt/chefdk/embedded/lib/ruby/gems/2.3.0/gems/test-kitchen-1.16.0/lib/kitchen/command.rb:112:in `filtered_instances'
E, [2017-06-03T02:15:04.308684 #11868] ERROR -- Kitchen: /opt/chefdk/embedded/lib/ruby/gems/2.3.0/gems/test-kitchen-1.16.0/lib/kitchen/command.rb:142:in `parse_subcommand'
E, [2017-06-03T02:15:04.308703 #11868] ERROR -- Kitchen: /opt/chefdk/embedded/lib/ruby/gems/2.3.0/gems/test-kitchen-1.16.0/lib/kitchen/command/test.rb:40:in `block in call'
E, [2017-06-03T02:15:04.308722 #11868] ERROR -- Kitchen: /opt/chefdk/embedded/lib/ruby/2.3.0/benchmark.rb:293:in `measure'
E, [2017-06-03T02:15:04.308741 #11868] ERROR -- Kitchen: /opt/chefdk/embedded/lib/ruby/gems/2.3.0/gems/test-kitchen-1.16.0/lib/kitchen/command/test.rb:38:in `call'
E, [2017-06-03T02:15:04.308760 #11868] ERROR -- Kitchen: /opt/chefdk/embedded/lib/ruby/gems/2.3.0/gems/test-kitchen-1.16.0/lib/kitchen/cli.rb:53:in `perform'
E, [2017-06-03T02:15:04.308779 #11868] ERROR -- Kitchen: /opt/chefdk/embedded/lib/ruby/gems/2.3.0/gems/test-kitchen-1.16.0/lib/kitchen/cli.rb:234:in `test'
E, [2017-06-03T02:15:04.308797 #11868] ERROR -- Kitchen: /opt/chefdk/embedded/lib/ruby/gems/2.3.0/gems/thor-0.19.1/lib/thor/command.rb:27:in `run'
E, [2017-06-03T02:15:04.308823 #11868] ERROR -- Kitchen: /opt/chefdk/embedded/lib/ruby/gems/2.3.0/gems/thor-0.19.1/lib/thor/invocation.rb:126:in `invoke_command'
E, [2017-06-03T02:15:04.308845 #11868] ERROR -- Kitchen: /opt/chefdk/embedded/lib/ruby/gems/2.3.0/gems/test-kitchen-1.16.0/lib/kitchen/cli.rb:334:in `invoke_task'
E, [2017-06-03T02:15:04.308864 #11868] ERROR -- Kitchen: /opt/chefdk/embedded/lib/ruby/gems/2.3.0/gems/thor-0.19.1/lib/thor.rb:359:in `dispatch'
E, [2017-06-03T02:15:04.308883 #11868] ERROR -- Kitchen: /opt/chefdk/embedded/lib/ruby/gems/2.3.0/gems/thor-0.19.1/lib/thor/base.rb:440:in `start'
E, [2017-06-03T02:15:04.308907 #11868] ERROR -- Kitchen: /opt/chefdk/embedded/lib/ruby/gems/2.3.0/gems/test-kitchen-1.16.0/bin/kitchen:13:in `block in <top (required)>'
E, [2017-06-03T02:15:04.308928 #11868] ERROR -- Kitchen: /opt/chefdk/embedded/lib/ruby/gems/2.3.0/gems/test-kitchen-1.16.0/lib/kitchen/errors.rb:171:in `with_friendly_errors'
E, [2017-06-03T02:15:04.308947 #11868] ERROR -- Kitchen: /opt/chefdk/embedded/lib/ruby/gems/2.3.0/gems/test-kitchen-1.16.0/bin/kitchen:13:in `<top (required)>'
E, [2017-06-03T02:15:04.308965 #11868] ERROR -- Kitchen: /usr/bin/kitchen:21:in `load'
E, [2017-06-03T02:15:04.308983 #11868] ERROR -- Kitchen: /usr/bin/kitchen:21:in `<main>'
E, [2017-06-03T02:15:04.309001 #11868] ERROR -- Kitchen: ----End Backtrace-----
E, [2017-06-03T02:15:04.309018 #11868] ERROR -- Kitchen: ---Nested Exception---
E, [2017-06-03T02:15:04.309035 #11868] ERROR -- Kitchen: Class: Psych::SyntaxError
E, [2017-06-03T02:15:04.309053 #11868] ERROR -- Kitchen: Message: (<unknown>): did not find expected key while parsing a block mapping at line 3 column 1
E, [2017-06-03T02:15:04.309071 #11868] ERROR -- Kitchen: ----------------------
E, [2017-06-03T02:15:04.309088 #11868] ERROR -- Kitchen: ------Backtrace-------
E, [2017-06-03T02:15:04.309105 #11868] ERROR -- Kitchen: /opt/chefdk/embedded/lib/ruby/gems/2.3.0/gems/test-kitchen-1.16.0/lib/kitchen/loader/yaml.rb:340:in `rescue in parse_yaml_string'
E, [2017-06-03T02:15:04.309124 #11868] ERROR -- Kitchen: /opt/chefdk/embedded/lib/ruby/gems/2.3.0/gems/test-kitchen-1.16.0/lib/kitchen/loader/yaml.rb:329:in `parse_yaml_string'
E, [2017-06-03T02:15:04.309142 #11868] ERROR -- Kitchen: /opt/chefdk/embedded/lib/ruby/gems/2.3.0/gems/test-kitchen-1.16.0/lib/kitchen/loader/yaml.rb:135:in `yaml'
E, [2017-06-03T02:15:04.309160 #11868] ERROR -- Kitchen: /opt/chefdk/embedded/lib/ruby/gems/2.3.0/gems/test-kitchen-1.16.0/lib/kitchen/loader/yaml.rb:123:in `combined_hash'
E, [2017-06-03T02:15:04.309180 #11868] ERROR -- Kitchen: /opt/chefdk/embedded/lib/ruby/gems/2.3.0/gems/test-kitchen-1.16.0/lib/kitchen/loader/yaml.rb:74:in `read'
E, [2017-06-03T02:15:04.309199 #11868] ERROR -- Kitchen: /opt/chefdk/embedded/lib/ruby/gems/2.3.0/gems/test-kitchen-1.16.0/lib/kitchen/config.rb:152:in `data'
E, [2017-06-03T02:15:04.309216 #11868] ERROR -- Kitchen: /opt/chefdk/embedded/lib/ruby/gems/2.3.0/gems/test-kitchen-1.16.0/lib/kitchen/config.rb:131:in `suites'
E, [2017-06-03T02:15:04.309234 #11868] ERROR -- Kitchen: /opt/chefdk/embedded/lib/ruby/gems/2.3.0/gems/test-kitchen-1.16.0/lib/kitchen/config.rb:182:in `filter_instances'
E, [2017-06-03T02:15:04.309252 #11868] ERROR -- Kitchen: /opt/chefdk/embedded/lib/ruby/gems/2.3.0/gems/test-kitchen-1.16.0/lib/kitchen/config.rb:141:in `build_instances'
E, [2017-06-03T02:15:04.309270 #11868] ERROR -- Kitchen: /opt/chefdk/embedded/lib/ruby/gems/2.3.0/gems/test-kitchen-1.16.0/lib/kitchen/config.rb:117:in `instances'
E, [2017-06-03T02:15:04.309288 #11868] ERROR -- Kitchen: /opt/chefdk/embedded/lib/ruby/gems/2.3.0/gems/test-kitchen-1.16.0/lib/kitchen/command.rb:112:in `filtered_instances'
E, [2017-06-03T02:15:04.309306 #11868] ERROR -- Kitchen: /opt/chefdk/embedded/lib/ruby/gems/2.3.0/gems/test-kitchen-1.16.0/lib/kitchen/command.rb:142:in `parse_subcommand'
E, [2017-06-03T02:15:04.309336 #11868] ERROR -- Kitchen: /opt/chefdk/embedded/lib/ruby/gems/2.3.0/gems/test-kitchen-1.16.0/lib/kitchen/command/test.rb:40:in `block in call'
E, [2017-06-03T02:15:04.309355 #11868] ERROR -- Kitchen: /opt/chefdk/embedded/lib/ruby/2.3.0/benchmark.rb:293:in `measure'
E, [2017-06-03T02:15:04.309373 #11868] ERROR -- Kitchen: /opt/chefdk/embedded/lib/ruby/gems/2.3.0/gems/test-kitchen-1.16.0/lib/kitchen/command/test.rb:38:in `call'
E, [2017-06-03T02:15:04.309392 #11868] ERROR -- Kitchen: /opt/chefdk/embedded/lib/ruby/gems/2.3.0/gems/test-kitchen-1.16.0/lib/kitchen/cli.rb:53:in `perform'
E, [2017-06-03T02:15:04.309412 #11868] ERROR -- Kitchen: /opt/chefdk/embedded/lib/ruby/gems/2.3.0/gems/test-kitchen-1.16.0/lib/kitchen/cli.rb:234:in `test'
E, [2017-06-03T02:15:04.309435 #11868] ERROR -- Kitchen: /opt/chefdk/embedded/lib/ruby/gems/2.3.0/gems/thor-0.19.1/lib/thor/command.rb:27:in `run'
E, [2017-06-03T02:15:04.309455 #11868] ERROR -- Kitchen: /opt/chefdk/embedded/lib/ruby/gems/2.3.0/gems/thor-0.19.1/lib/thor/invocation.rb:126:in `invoke_command'
E, [2017-06-03T02:15:04.309473 #11868] ERROR -- Kitchen: /opt/chefdk/embedded/lib/ruby/gems/2.3.0/gems/test-kitchen-1.16.0/lib/kitchen/cli.rb:334:in `invoke_task'
E, [2017-06-03T02:15:04.309492 #11868] ERROR -- Kitchen: /opt/chefdk/embedded/lib/ruby/gems/2.3.0/gems/thor-0.19.1/lib/thor.rb:359:in `dispatch'
E, [2017-06-03T02:15:04.309510 #11868] ERROR -- Kitchen: /opt/chefdk/embedded/lib/ruby/gems/2.3.0/gems/thor-0.19.1/lib/thor/base.rb:440:in `start'
E, [2017-06-03T02:15:04.309529 #11868] ERROR -- Kitchen: /opt/chefdk/embedded/lib/ruby/gems/2.3.0/gems/test-kitchen-1.16.0/bin/kitchen:13:in `block in <top (required)>'
E, [2017-06-03T02:15:04.309547 #11868] ERROR -- Kitchen: /opt/chefdk/embedded/lib/ruby/gems/2.3.0/gems/test-kitchen-1.16.0/lib/kitchen/errors.rb:171:in `with_friendly_errors'
E, [2017-06-03T02:15:04.309574 #11868] ERROR -- Kitchen: /opt/chefdk/embedded/lib/ruby/gems/2.3.0/gems/test-kitchen-1.16.0/bin/kitchen:13:in `<top (required)>'
E, [2017-06-03T02:15:04.309592 #11868] ERROR -- Kitchen: /usr/bin/kitchen:21:in `load'
E, [2017-06-03T02:15:04.309610 #11868] ERROR -- Kitchen: /usr/bin/kitchen:21:in `<main>'
E, [2017-06-03T02:15:04.309627 #11868] ERROR -- Kitchen: ----End Backtrace-----
